<?xml version="1.0" encoding="UTF-8"?>
<testsuite xmlns:xsi="http://www.w3.org/2001/XMLSchema-instance" xsi:noNamespaceSchemaLocation="https://maven.apache.org/surefire/maven-surefire-plugin/xsd/surefire-test-report.xsd" version="3.0.2" name="br.spring.arquitetura_camadas_spring.ArquiteturaCamadasSpringApplicationTests" time="2.512" tests="1" errors="0" skipped="0" failures="0" flakes="0">
  <properties>
[...]
</properties>
  <testcase name="contextLoads" classname="br.spring.arquitetura_camadas_spring.ArquiteturaCamadasSpringApplicationTests" time="0.811">
    <system-out><![CDATA[17:57:16.184 [main] INFO org.springframework.test.context.support.AnnotationConfigContextLoaderUtils -- Could not detect default configuration classes for test class [br.spring.arquitetura_camadas_spring.ArquiteturaCamadasSpringApplicationTests]: ArquiteturaCamadasSpringApplicationTests does not declare any static, non-private, non-final, nested classes annotated with @Configuration.
17:57:16.354 [main] INFO org.springframework.boot.test.context.SpringBootTestContextBootstrapper -- Found @SpringBootConfiguration br.spring.ArquiteturaCamadasSpringApplication for test class br.spring.arquitetura_camadas_spring.ArquiteturaCamadasSpringApplicationTests
17:57:16.490 [main] INFO org.springframework.test.context.support.AnnotationConfigContextLoaderUtils -- Could not detect default configuration classes for test class [br.spring.arquitetura_camadas_spring.ArquiteturaCamadasSpringApplicationTests]: ArquiteturaCamadasSpringApplicationTests does not declare any static, non-private, non-final, nested classes annotated with @Configuration.
17:57:16.491 [main] INFO org.springframework.boot.test.context.SpringBootTestContextBootstrapper -- Found @SpringBootConfiguration br.spring.ArquiteturaCamadasSpringApplication for test class br.spring.arquitetura_camadas_spring.ArquiteturaCamadasSpringApplicationTests

  .   ____          _            __ _ _
 /\\ / ___'_ __ _ _(_)_ __  __ _ \ \ \ \
( ( )\___ | '_ | '_| | '_ \/ _` | \ \ \ \
 \\/  ___)| |_)| | | | | || (_| |  ) ) ) )
  '  |____| .__|_| |_|_| |_\__, | / / / /
 =========|_|==============|___/=/_/_/_/

 :: Spring Boot ::                (v4.0.4)

2026-03-23T17:57:16.925-03:00  INFO 57948 --- [arquitetura_camadas_spring] [           main] ArquiteturaCamadasSpringApplicationTests : Starting ArquiteturaCamadasSpringApplicationTests using Java 25.0.2 with PID 57948 (started by pipip in G:\My Drive\Docencia\CEUB\Desenvolvimento de Sistemas\Atividades\arquitetura_camadas_spring)
2026-03-23T17:57:16.927-03:00  INFO 57948 --- [arquitetura_camadas_spring] [           main] ArquiteturaCamadasSpringApplicationTests : No active profile set, falling back to 1 default profile: "default"
2026-03-23T17:57:17.610-03:00  INFO 57948 --- [arquitetura_camadas_spring] [           main] ArquiteturaCamadasSpringApplicationTests : Started ArquiteturaCamadasSpringApplicationTests in 1.029 seconds (process running for 2.361)
]]></system-out>
    <system-err><![CDATA[Mockito is currently self-attaching to enable the inline-mock-maker. This will no longer work in future releases of the JDK. Please add Mockito as an agent to your build as described in Mockito's documentation: https://javadoc.io/doc/org.mockito/mockito-core/latest/org.mockito/org/mockito/Mockito.html#0.3
WARNING: A Java agent has been loaded dynamically (C:\Users\pipip\.m2\repository\net\bytebuddy\byte-buddy-agent\1.17.8\byte-buddy-agent-1.17.8.jar)
WARNING: If a serviceability tool is in use, please run with -XX:+EnableDynamicAgentLoading to hide this warning
WARNING: If a serviceability tool is not in use, please run with -Djdk.instrument.traceUsage for more information
WARNING: Dynamic loading of agents will be disallowed by default in a future release
]]></system-err>
  </testcase>
</testsuite>